<?xml version="1.0" encoding="UTF-8"?>
<robot generator="Robot 4.0 (Python 3.9.2 on darwin)" generated="20210331 21:13:05.285" rpa="false" schemaversion="2">
<suite id="s1" name="Endtoend" source="/Users/nikitha/PycharmProjects/logintest2/mblogintest/dbtesting/Test/EndtoEnd/endtoend.robot">
<kw name="Connect To Mongodb" library="MongoDBLibrary" type="SETUP">
<arg>mongodb+srv://admin:admin@taskapp.bytgp.mongodb.net/</arg>
<doc>Loads pymongo and connects to the MongoDB host using parameters submitted.</doc>
<status status="PASS" starttime="20210331 21:13:06.330" endtime="20210331 21:13:06.539"/>
</kw>
<test id="s1-t1" name="Verifying the variables">
<kw name="data to be accessed from frontend" library="front">
<var>@{frontcount}</var>
<kw name="Loging into the webpage" library="fronttest">
<kw name="Open Browser" library="SeleniumLibrary">
<doc>Opens a new browser instance to the optional ``url``.</doc>
<msg timestamp="20210331 21:13:06.542" level="INFO">Opening browser 'firefox' to base url 'None'.</msg>
<msg timestamp="20210331 21:13:06.545" level="INFO">Firefox driver log is always forced to to: /Users/nikitha/PycharmProjects/logintest2/mblogintest/dbtesting/Result/geckodriver-1.log</msg>
<status status="PASS" starttime="20210331 21:13:06.542" endtime="20210331 21:13:12.258"/>
</kw>
<kw name="Go To" library="SeleniumLibrary">
<arg>${URL}</arg>
<doc>Navigates the current browser window to the provided ``url``.</doc>
<msg timestamp="20210331 21:13:12.262" level="INFO">Opening url 'localhost:8080'</msg>
<status status="PASS" starttime="20210331 21:13:12.260" endtime="20210331 21:13:14.467"/>
</kw>
<kw name="Input Text" library="SeleniumLibrary">
<arg>${LOGIN_EMAIL_FIELD}</arg>
<arg>${EMAIL}</arg>
<doc>Types the given ``text`` into the text field identified by ``locator``.</doc>
<msg timestamp="20210331 21:13:14.470" level="INFO">Typing text 'aarthi.badam55@gmail.com' into text field 'xpath=//*[@id="input-54"]'.</msg>
<status status="PASS" starttime="20210331 21:13:14.467" endtime="20210331 21:13:14.589"/>
</kw>
<kw name="Input Text" library="SeleniumLibrary">
<arg>${LOGIN_PASS_FIELD}</arg>
<arg>${PASSWORD}</arg>
<doc>Types the given ``text`` into the text field identified by ``locator``.</doc>
<msg timestamp="20210331 21:13:14.590" level="INFO">Typing text 'bla@aarthi' into text field 'xpath=//*[@id="input-57"]'.</msg>
<status status="PASS" starttime="20210331 21:13:14.589" endtime="20210331 21:13:14.705"/>
</kw>
<kw name="Click Button" library="SeleniumLibrary">
<arg>${LOGIN_BUTTON}</arg>
<doc>Clicks the button identified by ``locator``.</doc>
<msg timestamp="20210331 21:13:14.707" level="INFO">Clicking button 'css=#app &gt; div &gt; div &gt; div &gt; main &gt; div &gt; div &gt; div &gt; div &gt; form &gt; div &gt; div.v-card__actions &gt; div &gt; button.v-btn.v-btn--is-elevated.v-btn--has-bg.theme--light.v-size--default.primary'.</msg>
<status status="PASS" starttime="20210331 21:13:14.705" endtime="20210331 21:13:15.009"/>
</kw>
<kw name="Wait Until Page Contains" library="SeleniumLibrary">
<arg>Open</arg>
<doc>Waits until ``text`` appears on the current page.</doc>
<status status="PASS" starttime="20210331 21:13:15.010" endtime="20210331 21:13:15.484"/>
</kw>
<kw name="Log" library="BuiltIn">
<arg>Login Sucessfull</arg>
<doc>Logs the given message with the given level.</doc>
<msg timestamp="20210331 21:13:15.485" level="INFO">Login Sucessfull</msg>
<status status="PASS" starttime="20210331 21:13:15.484" endtime="20210331 21:13:15.485"/>
</kw>
<kw name="Sleep" library="BuiltIn">
<arg>10s</arg>
<doc>Pauses the test executed for the given time.</doc>
<msg timestamp="20210331 21:13:25.487" level="INFO">Slept 10 seconds</msg>
<status status="PASS" starttime="20210331 21:13:15.485" endtime="20210331 21:13:25.487"/>
</kw>
<status status="PASS" starttime="20210331 21:13:06.542" endtime="20210331 21:13:25.488"/>
</kw>
<kw name="Collecting the data" library="fronttest">
<var>@{frontCount}</var>
<kw name="Get Text" library="SeleniumLibrary">
<var>${OPEN}</var>
<arg>xpath=//*[@id="app"]/div/div/div/main/div/div/div/div/div[1]/div[1]/div/div[1]/div[2]/div/div</arg>
<doc>Returns the text value of the element identified by ``locator``.</doc>
<msg timestamp="20210331 21:13:25.531" level="INFO">${OPEN} = 14</msg>
<status status="PASS" starttime="20210331 21:13:25.490" endtime="20210331 21:13:25.531"/>
</kw>
<kw name="Get Text" library="SeleniumLibrary">
<var>${In-Progress}</var>
<arg>xpath=//*[@id="app"]/div/div/div/main/div/div/div/div/div[1]/div[2]/div/div[1]/div[2]/div/div</arg>
<doc>Returns the text value of the element identified by ``locator``.</doc>
<msg timestamp="20210331 21:13:25.547" level="INFO">${In-Progress} = 3</msg>
<status status="PASS" starttime="20210331 21:13:25.531" endtime="20210331 21:13:25.547"/>
</kw>
<kw name="Get Text" library="SeleniumLibrary">
<var>${DELAYED}</var>
<arg>xpath=//*[@id="app"]/div/div/div/main/div/div/div/div/div[1]/div[3]/div/div[1]/div[2]/div/div</arg>
<doc>Returns the text value of the element identified by ``locator``.</doc>
<msg timestamp="20210331 21:13:25.563" level="INFO">${DELAYED} = 1</msg>
<status status="PASS" starttime="20210331 21:13:25.547" endtime="20210331 21:13:25.563"/>
</kw>
<kw name="Get Text" library="SeleniumLibrary">
<var>${ON-HOLD}</var>
<arg>xpath=//*[@id="app"]/div/div/div/main/div/div/div/div/div[1]/div[4]/div/div[1]/div[2]/div/div</arg>
<doc>Returns the text value of the element identified by ``locator``.</doc>
<msg timestamp="20210331 21:13:25.579" level="INFO">${ON-HOLD} = 3</msg>
<status status="PASS" starttime="20210331 21:13:25.563" endtime="20210331 21:13:25.579"/>
</kw>
<kw name="Create List" library="BuiltIn">
<var>@{counts}</var>
<arg>${ON-HOLD}</arg>
<arg>${In-Progress}</arg>
<arg>${Open}</arg>
<arg>${Delayed}</arg>
<doc>Returns a list containing given items.</doc>
<msg timestamp="20210331 21:13:25.581" level="INFO">@{counts} = [ 3 | 3 | 14 | 1 ]</msg>
<status status="PASS" starttime="20210331 21:13:25.580" endtime="20210331 21:13:25.581"/>
</kw>
<msg timestamp="20210331 21:13:25.581" level="INFO">@{frontCount} = [ 3 | 3 | 14 | 1 ]</msg>
<status status="PASS" starttime="20210331 21:13:25.489" endtime="20210331 21:13:25.581"/>
</kw>
<msg timestamp="20210331 21:13:25.581" level="INFO">@{frontcount} = [ 3 | 3 | 14 | 1 ]</msg>
<status status="PASS" starttime="20210331 21:13:06.541" endtime="20210331 21:13:25.582"/>
</kw>
<kw name="Data should be accessed from database" library="backend">
<var>@{backcount}</var>
<kw name="access data from backend" library="backendtest">
<var>@{backCount}</var>
<tag>count</tag>
<kw name="Retrieve Some Mongodb Records" library="MongoDBLibrary">
<var>${On-Hold}</var>
<arg>workflow</arg>
<arg>v_agg_project</arg>
<arg>{"_id":"On-Hold"}</arg>
<doc>Retrieve some of the records from a given MongoDB database collection
based on the JSON entered.
Returned value must be single quoted for comparison, otherwise you will
get a TypeError error.</doc>
<msg timestamp="20210331 21:13:25.813" level="INFO">${On-Hold} = dict_items([('_id', 'On-Hold'), ('count', 3)])</msg>
<status status="PASS" starttime="20210331 21:13:25.584" endtime="20210331 21:13:25.813"/>
</kw>
<kw name="Split String" library="String">
<var>@{on-Hold-1}</var>
<arg>${On-Hold}</arg>
<doc>Splits the ``string`` using ``separator`` as a delimiter string.</doc>
<msg timestamp="20210331 21:13:25.814" level="INFO">@{on-Hold-1} = [ dict_items([('_id', | 'On-Hold'), | ('count', | 3)]) ]</msg>
<status status="PASS" starttime="20210331 21:13:25.813" endtime="20210331 21:13:25.814"/>
</kw>
<kw name="Get From List" library="Collections">
<var>${on-Hold-count}</var>
<arg>${on-Hold-1}</arg>
<arg>3</arg>
<doc>Returns the value specified with an ``index`` from ``list``.</doc>
<msg timestamp="20210331 21:13:25.816" level="INFO">${on-Hold-count} = 3)])</msg>
<status status="PASS" starttime="20210331 21:13:25.815" endtime="20210331 21:13:25.816"/>
</kw>
<kw name="Retrieve Some Mongodb Records" library="MongoDBLibrary">
<var>${In-Progress}</var>
<arg>workflow</arg>
<arg>v_agg_project</arg>
<arg>{"_id":"In-Progress"}</arg>
<doc>Retrieve some of the records from a given MongoDB database collection
based on the JSON entered.
Returned value must be single quoted for comparison, otherwise you will
get a TypeError error.</doc>
<msg timestamp="20210331 21:13:25.850" level="INFO">${In-Progress} = dict_items([('_id', 'In-Progress'), ('count', 3)])</msg>
<status status="PASS" starttime="20210331 21:13:25.816" endtime="20210331 21:13:25.850"/>
</kw>
<kw name="Split String" library="String">
<var>@{In-Progress-1}</var>
<arg>${In-Progress}</arg>
<doc>Splits the ``string`` using ``separator`` as a delimiter string.</doc>
<msg timestamp="20210331 21:13:25.851" level="INFO">@{In-Progress-1} = [ dict_items([('_id', | 'In-Progress'), | ('count', | 3)]) ]</msg>
<status status="PASS" starttime="20210331 21:13:25.850" endtime="20210331 21:13:25.851"/>
</kw>
<kw name="Get From List" library="Collections">
<var>${In-Progress-count}</var>
<arg>${In-Progress-1}</arg>
<arg>3</arg>
<doc>Returns the value specified with an ``index`` from ``list``.</doc>
<msg timestamp="20210331 21:13:25.852" level="INFO">${In-Progress-count} = 3)])</msg>
<status status="PASS" starttime="20210331 21:13:25.852" endtime="20210331 21:13:25.852"/>
</kw>
<kw name="Retrieve Some Mongodb Records" library="MongoDBLibrary">
<var>${Open}</var>
<arg>workflow</arg>
<arg>v_agg_project</arg>
<arg>{"_id":"Open"}</arg>
<doc>Retrieve some of the records from a given MongoDB database collection
based on the JSON entered.
Returned value must be single quoted for comparison, otherwise you will
get a TypeError error.</doc>
<msg timestamp="20210331 21:13:25.888" level="INFO">${Open} = dict_items([('_id', 'Open'), ('count', 14)])</msg>
<status status="PASS" starttime="20210331 21:13:25.853" endtime="20210331 21:13:25.888"/>
</kw>
<kw name="Split String" library="String">
<var>@{Open-1}</var>
<arg>${Open}</arg>
<doc>Splits the ``string`` using ``separator`` as a delimiter string.</doc>
<msg timestamp="20210331 21:13:25.890" level="INFO">@{Open-1} = [ dict_items([('_id', | 'Open'), | ('count', | 14)]) ]</msg>
<status status="PASS" starttime="20210331 21:13:25.889" endtime="20210331 21:13:25.890"/>
</kw>
<kw name="Get From List" library="Collections">
<var>${Open-count}</var>
<arg>${Open-1}</arg>
<arg>3</arg>
<doc>Returns the value specified with an ``index`` from ``list``.</doc>
<msg timestamp="20210331 21:13:25.891" level="INFO">${Open-count} = 14)])</msg>
<status status="PASS" starttime="20210331 21:13:25.890" endtime="20210331 21:13:25.891"/>
</kw>
<kw name="Retrieve Some Mongodb Records" library="MongoDBLibrary">
<var>${Delayed}</var>
<arg>workflow</arg>
<arg>v_agg_project</arg>
<arg>{"_id":"Delayed"}</arg>
<doc>Retrieve some of the records from a given MongoDB database collection
based on the JSON entered.
Returned value must be single quoted for comparison, otherwise you will
get a TypeError error.</doc>
<msg timestamp="20210331 21:13:25.926" level="INFO">${Delayed} = dict_items([('_id', 'Delayed'), ('count', 1)])</msg>
<status status="PASS" starttime="20210331 21:13:25.891" endtime="20210331 21:13:25.926"/>
</kw>
<kw name="Split String" library="String">
<var>@{Delayed-1}</var>
<arg>${delayed}</arg>
<doc>Splits the ``string`` using ``separator`` as a delimiter string.</doc>
<msg timestamp="20210331 21:13:25.927" level="INFO">@{Delayed-1} = [ dict_items([('_id', | 'Delayed'), | ('count', | 1)]) ]</msg>
<status status="PASS" starttime="20210331 21:13:25.927" endtime="20210331 21:13:25.927"/>
</kw>
<kw name="Get From List" library="Collections">
<var>${Delayed-count}</var>
<arg>${Delayed-1}</arg>
<arg>3</arg>
<doc>Returns the value specified with an ``index`` from ``list``.</doc>
<msg timestamp="20210331 21:13:25.929" level="INFO">${Delayed-count} = 1)])</msg>
<status status="PASS" starttime="20210331 21:13:25.928" endtime="20210331 21:13:25.929"/>
</kw>
<kw name="Create List" library="BuiltIn">
<var>@{backenddata}</var>
<arg>${On-Hold-count}</arg>
<arg>${In-Progress-count}</arg>
<arg>${Open-count}</arg>
<arg>${Delayed-count}</arg>
<doc>Returns a list containing given items.</doc>
<msg timestamp="20210331 21:13:25.931" level="INFO">@{backenddata} = [ 3)]) | 3)]) | 14)]) | 1)]) ]</msg>
<status status="PASS" starttime="20210331 21:13:25.929" endtime="20210331 21:13:25.931"/>
</kw>
<msg timestamp="20210331 21:13:25.932" level="INFO">@{backCount} = [ 3)]) | 3)]) | 14)]) | 1)]) ]</msg>
<status status="PASS" starttime="20210331 21:13:25.583" endtime="20210331 21:13:25.932"/>
</kw>
<msg timestamp="20210331 21:13:25.933" level="INFO">@{backcount} = [ 3)]) | 3)]) | 14)]) | 1)]) ]</msg>
<status status="PASS" starttime="20210331 21:13:25.582" endtime="20210331 21:13:25.933"/>
</kw>
<for flavor="IN">
<var>${item}</var>
<value>@{frontcount}</value>
<iter>
<var name="${item}">3</var>
<kw name="Log" library="BuiltIn">
<arg>${item}</arg>
<doc>Logs the given message with the given level.</doc>
<msg timestamp="20210331 21:13:25.935" level="INFO">3</msg>
<status status="PASS" starttime="20210331 21:13:25.935" endtime="20210331 21:13:25.935"/>
</kw>
<kw name="Should Contain Any" library="BuiltIn">
<arg>@{backcount}</arg>
<arg>${item}</arg>
<doc>Fails if ``container`` does not contain any of the ``*items``.</doc>
<status status="PASS" starttime="20210331 21:13:25.936" endtime="20210331 21:13:25.936"/>
</kw>
<status status="PASS" starttime="20210331 21:13:25.934" endtime="20210331 21:13:25.937"/>
</iter>
<iter>
<var name="${item}">3</var>
<kw name="Log" library="BuiltIn">
<arg>${item}</arg>
<doc>Logs the given message with the given level.</doc>
<msg timestamp="20210331 21:13:25.937" level="INFO">3</msg>
<status status="PASS" starttime="20210331 21:13:25.937" endtime="20210331 21:13:25.937"/>
</kw>
<kw name="Should Contain Any" library="BuiltIn">
<arg>@{backcount}</arg>
<arg>${item}</arg>
<doc>Fails if ``container`` does not contain any of the ``*items``.</doc>
<status status="PASS" starttime="20210331 21:13:25.938" endtime="20210331 21:13:25.939"/>
</kw>
<status status="PASS" starttime="20210331 21:13:25.937" endtime="20210331 21:13:25.939"/>
</iter>
<iter>
<var name="${item}">14</var>
<kw name="Log" library="BuiltIn">
<arg>${item}</arg>
<doc>Logs the given message with the given level.</doc>
<msg timestamp="20210331 21:13:25.940" level="INFO">14</msg>
<status status="PASS" starttime="20210331 21:13:25.939" endtime="20210331 21:13:25.940"/>
</kw>
<kw name="Should Contain Any" library="BuiltIn">
<arg>@{backcount}</arg>
<arg>${item}</arg>
<doc>Fails if ``container`` does not contain any of the ``*items``.</doc>
<status status="PASS" starttime="20210331 21:13:25.940" endtime="20210331 21:13:25.940"/>
</kw>
<status status="PASS" starttime="20210331 21:13:25.939" endtime="20210331 21:13:25.940"/>
</iter>
<iter>
<var name="${item}">1</var>
<kw name="Log" library="BuiltIn">
<arg>${item}</arg>
<doc>Logs the given message with the given level.</doc>
<msg timestamp="20210331 21:13:25.941" level="INFO">1</msg>
<status status="PASS" starttime="20210331 21:13:25.940" endtime="20210331 21:13:25.941"/>
</kw>
<kw name="Should Contain Any" library="BuiltIn">
<arg>@{backcount}</arg>
<arg>${item}</arg>
<doc>Fails if ``container`` does not contain any of the ``*items``.</doc>
<status status="PASS" starttime="20210331 21:13:25.941" endtime="20210331 21:13:25.941"/>
</kw>
<status status="PASS" starttime="20210331 21:13:25.940" endtime="20210331 21:13:25.941"/>
</iter>
<status status="PASS" starttime="20210331 21:13:25.934" endtime="20210331 21:13:25.942"/>
</for>
<kw name="Log Many" library="BuiltIn">
<arg>@{frontcount}</arg>
<doc>Logs the given messages as separate entries using the INFO level.</doc>
<msg timestamp="20210331 21:13:25.942" level="INFO">3</msg>
<msg timestamp="20210331 21:13:25.943" level="INFO">3</msg>
<msg timestamp="20210331 21:13:25.943" level="INFO">14</msg>
<msg timestamp="20210331 21:13:25.943" level="INFO">1</msg>
<status status="PASS" starttime="20210331 21:13:25.942" endtime="20210331 21:13:25.943"/>
</kw>
<kw name="Log Many" library="BuiltIn">
<arg>@{backcount}</arg>
<doc>Logs the given messages as separate entries using the INFO level.</doc>
<msg timestamp="20210331 21:13:25.943" level="INFO">3)])</msg>
<msg timestamp="20210331 21:13:25.943" level="INFO">3)])</msg>
<msg timestamp="20210331 21:13:25.943" level="INFO">14)])</msg>
<msg timestamp="20210331 21:13:25.943" level="INFO">1)])</msg>
<status status="PASS" starttime="20210331 21:13:25.943" endtime="20210331 21:13:25.944"/>
</kw>
<tag>verify</tag>
<status status="PASS" starttime="20210331 21:13:06.540" endtime="20210331 21:13:25.944"/>
</test>
<kw name="Disconnect From Mongodb" library="MongoDBLibrary" type="TEARDOWN">
<doc>Disconnects from the MongoDB server.</doc>
<status status="PASS" starttime="20210331 21:13:25.947" endtime="20210331 21:13:25.986"/>
</kw>
<status status="PASS" starttime="20210331 21:13:05.289" endtime="20210331 21:13:25.986"/>
</suite>
<statistics>
<total>
<stat pass="1" fail="0" skip="0">All Tests</stat>
</total>
<tag>
<stat pass="1" fail="0" skip="0">verify</stat>
</tag>
<suite>
<stat pass="1" fail="0" skip="0" id="s1" name="Endtoend">Endtoend</stat>
</suite>
</statistics>
<errors>
</errors>
</robot>
