<?xml version="1.0" encoding="UTF-8"?>
<robot generator="Robot 3.2.2 (Python 3.9.2 on darwin)" generated="20210315 23:54:17.849" rpa="false">
<suite id="s1" name="Amazon" source="/Users/nikitha/PycharmProjects/Amazon-procedural/tests/amazon.robot">
<test id="s1-t1" name="Logged out user can search for products">
<kw name="Begin Web Test" library="common" type="setup">
<kw name="Open Browser" library="SeleniumLibrary">
<doc>Opens a new browser instance to the optional ``url``.</doc>
<arguments>
<arg>about:blank</arg>
<arg>safari</arg>
</arguments>
<msg timestamp="20210315 23:54:18.383" level="INFO">Opening browser 'safari' to base url 'about:blank'.</msg>
<status status="PASS" starttime="20210315 23:54:18.382" endtime="20210315 23:54:37.932"></status>
</kw>
<status status="PASS" starttime="20210315 23:54:18.382" endtime="20210315 23:54:37.936"></status>
</kw>
<kw name="Search for Products" library="Amazon">
<kw name="Load" library="Landingpage">
<kw name="Go To" library="SeleniumLibrary">
<doc>Navigates the current browser window to the provided ``url``.</doc>
<arguments>
<arg>http://www.amazon.in</arg>
</arguments>
<msg timestamp="20210315 23:54:37.941" level="INFO">Opening url 'http://www.amazon.in'</msg>
<status status="PASS" starttime="20210315 23:54:37.940" endtime="20210315 23:54:43.005"></status>
</kw>
<status status="PASS" starttime="20210315 23:54:37.939" endtime="20210315 23:54:43.005"></status>
</kw>
<kw name="Verify Page Loaded" library="Landingpage">
<kw name="Wait Until Page Contains" library="SeleniumLibrary">
<doc>Waits until ``text`` appears on the current page.</doc>
<arguments>
<arg>Best Sellers</arg>
</arguments>
<status status="PASS" starttime="20210315 23:54:43.006" endtime="20210315 23:54:43.025"></status>
</kw>
<status status="PASS" starttime="20210315 23:54:43.006" endtime="20210315 23:54:43.025"></status>
</kw>
<kw name="Search for Products" library="topnav">
<kw name="Enter Search Term" library="topnav">
<kw name="Input Text" library="SeleniumLibrary">
<doc>Types the given ``text`` into the text field identified by ``locator``.</doc>
<arguments>
<arg>id=twotabsearchtextbox</arg>
<arg>Samsung A71</arg>
</arguments>
<msg timestamp="20210315 23:54:43.027" level="INFO">Typing text 'Samsung A71' into text field 'id=twotabsearchtextbox'.</msg>
<status status="PASS" starttime="20210315 23:54:43.026" endtime="20210315 23:54:43.189"></status>
</kw>
<status status="PASS" starttime="20210315 23:54:43.026" endtime="20210315 23:54:43.189"></status>
</kw>
<kw name="Submit Search" library="topnav">
<kw name="Click Button" library="SeleniumLibrary">
<doc>Clicks the button identified by ``locator``.</doc>
<arguments>
<arg>xpath=//*[@id="nav-search-submit-button"]</arg>
</arguments>
<msg timestamp="20210315 23:54:43.190" level="INFO">Clicking button 'xpath=//*[@id="nav-search-submit-button"]'.</msg>
<status status="PASS" starttime="20210315 23:54:43.189" endtime="20210315 23:54:43.484"></status>
</kw>
<status status="PASS" starttime="20210315 23:54:43.189" endtime="20210315 23:54:43.485"></status>
</kw>
<status status="PASS" starttime="20210315 23:54:43.026" endtime="20210315 23:54:43.486"></status>
</kw>
<kw name="Verify Search Completed" library="searchresults">
<kw name="Wait Until Page Contains" library="SeleniumLibrary">
<doc>Waits until ``text`` appears on the current page.</doc>
<arguments>
<arg>results for "samsung a71"</arg>
</arguments>
<kw name="Capture Page Screenshot" library="SeleniumLibrary">
<doc>Takes a screenshot of the current page and embeds it into a log file.</doc>
<msg timestamp="20210315 23:54:48.668" level="INFO" html="yes">&lt;/td&gt;&lt;/tr&gt;&lt;tr&gt;&lt;td colspan="3"&gt;&lt;a href="selenium-screenshot-35.png"&gt;&lt;img src="selenium-screenshot-35.png" width="800px"&gt;&lt;/a&gt;</msg>
<status status="PASS" starttime="20210315 23:54:48.623" endtime="20210315 23:54:48.669"></status>
</kw>
<msg timestamp="20210315 23:54:48.674" level="FAIL">Text 'results for "samsung a71"' did not appear in 5 seconds.</msg>
<status status="FAIL" starttime="20210315 23:54:43.487" endtime="20210315 23:54:48.674"></status>
</kw>
<status status="FAIL" starttime="20210315 23:54:43.486" endtime="20210315 23:54:48.674"></status>
</kw>
<status status="FAIL" starttime="20210315 23:54:37.937" endtime="20210315 23:54:48.674"></status>
</kw>
<kw name="End Web Test" library="common" type="teardown">
<kw name="Close Browser" library="SeleniumLibrary">
<doc>Closes the current browser.</doc>
<status status="PASS" starttime="20210315 23:54:48.675" endtime="20210315 23:54:48.746"></status>
</kw>
<status status="PASS" starttime="20210315 23:54:48.675" endtime="20210315 23:54:48.747"></status>
</kw>
<tags>
<tag>Smoke</tag>
</tags>
<status status="FAIL" starttime="20210315 23:54:18.381" endtime="20210315 23:54:48.747" critical="yes">Text 'results for "samsung a71"' did not appear in 5 seconds.</status>
</test>
<test id="s1-t2" name="Logged out user can view a product">
<kw name="Begin Web Test" library="common" type="setup">
<kw name="Open Browser" library="SeleniumLibrary">
<doc>Opens a new browser instance to the optional ``url``.</doc>
<arguments>
<arg>about:blank</arg>
<arg>safari</arg>
</arguments>
<msg timestamp="20210315 23:54:48.753" level="INFO">Opening browser 'safari' to base url 'about:blank'.</msg>
<status status="PASS" starttime="20210315 23:54:48.752" endtime="20210315 23:54:50.333"></status>
</kw>
<status status="PASS" starttime="20210315 23:54:48.751" endtime="20210315 23:54:50.334"></status>
</kw>
<kw name="Search for Products" library="Amazon">
<kw name="Load" library="Landingpage">
<kw name="Go To" library="SeleniumLibrary">
<doc>Navigates the current browser window to the provided ``url``.</doc>
<arguments>
<arg>http://www.amazon.in</arg>
</arguments>
<msg timestamp="20210315 23:54:50.344" level="INFO">Opening url 'http://www.amazon.in'</msg>
<status status="PASS" starttime="20210315 23:54:50.343" endtime="20210315 23:54:55.064"></status>
</kw>
<status status="PASS" starttime="20210315 23:54:50.341" endtime="20210315 23:54:55.064"></status>
</kw>
<kw name="Verify Page Loaded" library="Landingpage">
<kw name="Wait Until Page Contains" library="SeleniumLibrary">
<doc>Waits until ``text`` appears on the current page.</doc>
<arguments>
<arg>Best Sellers</arg>
</arguments>
<status status="PASS" starttime="20210315 23:54:55.066" endtime="20210315 23:54:55.086"></status>
</kw>
<status status="PASS" starttime="20210315 23:54:55.065" endtime="20210315 23:54:55.086"></status>
</kw>
<kw name="Search for Products" library="topnav">
<kw name="Enter Search Term" library="topnav">
<kw name="Input Text" library="SeleniumLibrary">
<doc>Types the given ``text`` into the text field identified by ``locator``.</doc>
<arguments>
<arg>id=twotabsearchtextbox</arg>
<arg>Samsung A71</arg>
</arguments>
<msg timestamp="20210315 23:54:55.088" level="INFO">Typing text 'Samsung A71' into text field 'id=twotabsearchtextbox'.</msg>
<status status="PASS" starttime="20210315 23:54:55.088" endtime="20210315 23:54:55.329"></status>
</kw>
<status status="PASS" starttime="20210315 23:54:55.087" endtime="20210315 23:54:55.330"></status>
</kw>
<kw name="Submit Search" library="topnav">
<kw name="Click Button" library="SeleniumLibrary">
<doc>Clicks the button identified by ``locator``.</doc>
<arguments>
<arg>xpath=//*[@id="nav-search-submit-button"]</arg>
</arguments>
<msg timestamp="20210315 23:54:55.333" level="INFO">Clicking button 'xpath=//*[@id="nav-search-submit-button"]'.</msg>
<status status="PASS" starttime="20210315 23:54:55.332" endtime="20210315 23:54:55.581"></status>
</kw>
<status status="PASS" starttime="20210315 23:54:55.330" endtime="20210315 23:54:55.582"></status>
</kw>
<status status="PASS" starttime="20210315 23:54:55.087" endtime="20210315 23:54:55.582"></status>
</kw>
<kw name="Verify Search Completed" library="searchresults">
<kw name="Wait Until Page Contains" library="SeleniumLibrary">
<doc>Waits until ``text`` appears on the current page.</doc>
<arguments>
<arg>results for "samsung a71"</arg>
</arguments>
<kw name="Capture Page Screenshot" library="SeleniumLibrary">
<doc>Takes a screenshot of the current page and embeds it into a log file.</doc>
<msg timestamp="20210315 23:55:00.644" level="INFO" html="yes">&lt;/td&gt;&lt;/tr&gt;&lt;tr&gt;&lt;td colspan="3"&gt;&lt;a href="selenium-screenshot-36.png"&gt;&lt;img src="selenium-screenshot-36.png" width="800px"&gt;&lt;/a&gt;</msg>
<status status="PASS" starttime="20210315 23:55:00.600" endtime="20210315 23:55:00.644"></status>
</kw>
<msg timestamp="20210315 23:55:00.645" level="FAIL">Text 'results for "samsung a71"' did not appear in 5 seconds.</msg>
<status status="FAIL" starttime="20210315 23:54:55.584" endtime="20210315 23:55:00.645"></status>
</kw>
<status status="FAIL" starttime="20210315 23:54:55.583" endtime="20210315 23:55:00.645"></status>
</kw>
<status status="FAIL" starttime="20210315 23:54:50.339" endtime="20210315 23:55:00.645"></status>
</kw>
<kw name="End Web Test" library="common" type="teardown">
<kw name="Close Browser" library="SeleniumLibrary">
<doc>Closes the current browser.</doc>
<status status="PASS" starttime="20210315 23:55:00.646" endtime="20210315 23:55:00.703"></status>
</kw>
<status status="PASS" starttime="20210315 23:55:00.646" endtime="20210315 23:55:00.703"></status>
</kw>
<tags>
<tag>Smoke</tag>
</tags>
<status status="FAIL" starttime="20210315 23:54:48.749" endtime="20210315 23:55:00.704" critical="yes">Text 'results for "samsung a71"' did not appear in 5 seconds.</status>
</test>
<test id="s1-t3" name="Logged out user can add product to cart">
<kw name="Begin Web Test" library="common" type="setup">
<kw name="Open Browser" library="SeleniumLibrary">
<doc>Opens a new browser instance to the optional ``url``.</doc>
<arguments>
<arg>about:blank</arg>
<arg>safari</arg>
</arguments>
<msg timestamp="20210315 23:55:00.709" level="INFO">Opening browser 'safari' to base url 'about:blank'.</msg>
<status status="PASS" starttime="20210315 23:55:00.708" endtime="20210315 23:55:02.719"></status>
</kw>
<status status="PASS" starttime="20210315 23:55:00.707" endtime="20210315 23:55:02.720"></status>
</kw>
<kw name="Search for Products" library="Amazon">
<kw name="Load" library="Landingpage">
<kw name="Go To" library="SeleniumLibrary">
<doc>Navigates the current browser window to the provided ``url``.</doc>
<arguments>
<arg>http://www.amazon.in</arg>
</arguments>
<msg timestamp="20210315 23:55:02.723" level="INFO">Opening url 'http://www.amazon.in'</msg>
<status status="PASS" starttime="20210315 23:55:02.723" endtime="20210315 23:55:08.960"></status>
</kw>
<status status="PASS" starttime="20210315 23:55:02.722" endtime="20210315 23:55:08.962"></status>
</kw>
<kw name="Verify Page Loaded" library="Landingpage">
<kw name="Wait Until Page Contains" library="SeleniumLibrary">
<doc>Waits until ``text`` appears on the current page.</doc>
<arguments>
<arg>Best Sellers</arg>
</arguments>
<status status="PASS" starttime="20210315 23:55:08.963" endtime="20210315 23:55:08.977"></status>
</kw>
<status status="PASS" starttime="20210315 23:55:08.963" endtime="20210315 23:55:08.978"></status>
</kw>
<kw name="Search for Products" library="topnav">
<kw name="Enter Search Term" library="topnav">
<kw name="Input Text" library="SeleniumLibrary">
<doc>Types the given ``text`` into the text field identified by ``locator``.</doc>
<arguments>
<arg>id=twotabsearchtextbox</arg>
<arg>Samsung A71</arg>
</arguments>
<msg timestamp="20210315 23:55:08.982" level="INFO">Typing text 'Samsung A71' into text field 'id=twotabsearchtextbox'.</msg>
<status status="PASS" starttime="20210315 23:55:08.981" endtime="20210315 23:55:09.141"></status>
</kw>
<status status="PASS" starttime="20210315 23:55:08.979" endtime="20210315 23:55:09.142"></status>
</kw>
<kw name="Submit Search" library="topnav">
<kw name="Click Button" library="SeleniumLibrary">
<doc>Clicks the button identified by ``locator``.</doc>
<arguments>
<arg>xpath=//*[@id="nav-search-submit-button"]</arg>
</arguments>
<msg timestamp="20210315 23:55:09.143" level="INFO">Clicking button 'xpath=//*[@id="nav-search-submit-button"]'.</msg>
<status status="PASS" starttime="20210315 23:55:09.142" endtime="20210315 23:55:09.291"></status>
</kw>
<status status="PASS" starttime="20210315 23:55:09.142" endtime="20210315 23:55:09.293"></status>
</kw>
<status status="PASS" starttime="20210315 23:55:08.978" endtime="20210315 23:55:09.294"></status>
</kw>
<kw name="Verify Search Completed" library="searchresults">
<kw name="Wait Until Page Contains" library="SeleniumLibrary">
<doc>Waits until ``text`` appears on the current page.</doc>
<arguments>
<arg>results for "samsung a71"</arg>
</arguments>
<kw name="Capture Page Screenshot" library="SeleniumLibrary">
<doc>Takes a screenshot of the current page and embeds it into a log file.</doc>
<msg timestamp="20210315 23:55:14.363" level="INFO" html="yes">&lt;/td&gt;&lt;/tr&gt;&lt;tr&gt;&lt;td colspan="3"&gt;&lt;a href="selenium-screenshot-37.png"&gt;&lt;img src="selenium-screenshot-37.png" width="800px"&gt;&lt;/a&gt;</msg>
<status status="PASS" starttime="20210315 23:55:14.316" endtime="20210315 23:55:14.363"></status>
</kw>
<msg timestamp="20210315 23:55:14.363" level="FAIL">Text 'results for "samsung a71"' did not appear in 5 seconds.</msg>
<status status="FAIL" starttime="20210315 23:55:09.297" endtime="20210315 23:55:14.363"></status>
</kw>
<status status="FAIL" starttime="20210315 23:55:09.295" endtime="20210315 23:55:14.364"></status>
</kw>
<status status="FAIL" starttime="20210315 23:55:02.721" endtime="20210315 23:55:14.364"></status>
</kw>
<kw name="End Web Test" library="common" type="teardown">
<kw name="Close Browser" library="SeleniumLibrary">
<doc>Closes the current browser.</doc>
<status status="PASS" starttime="20210315 23:55:14.365" endtime="20210315 23:55:14.437"></status>
</kw>
<status status="PASS" starttime="20210315 23:55:14.365" endtime="20210315 23:55:14.437"></status>
</kw>
<tags>
<tag>Smoke</tag>
</tags>
<status status="FAIL" starttime="20210315 23:55:00.706" endtime="20210315 23:55:14.437" critical="yes">Text 'results for "samsung a71"' did not appear in 5 seconds.</status>
</test>
<test id="s1-t4" name="Logged out user must sign in to check out">
<kw name="Begin Web Test" library="common" type="setup">
<kw name="Open Browser" library="SeleniumLibrary">
<doc>Opens a new browser instance to the optional ``url``.</doc>
<arguments>
<arg>about:blank</arg>
<arg>safari</arg>
</arguments>
<msg timestamp="20210315 23:55:14.441" level="INFO">Opening browser 'safari' to base url 'about:blank'.</msg>
<status status="PASS" starttime="20210315 23:55:14.440" endtime="20210315 23:55:16.068"></status>
</kw>
<status status="PASS" starttime="20210315 23:55:14.439" endtime="20210315 23:55:16.069"></status>
</kw>
<kw name="Search for Products" library="Amazon">
<kw name="Load" library="Landingpage">
<kw name="Go To" library="SeleniumLibrary">
<doc>Navigates the current browser window to the provided ``url``.</doc>
<arguments>
<arg>http://www.amazon.in</arg>
</arguments>
<msg timestamp="20210315 23:55:16.077" level="INFO">Opening url 'http://www.amazon.in'</msg>
<status status="PASS" starttime="20210315 23:55:16.076" endtime="20210315 23:55:21.362"></status>
</kw>
<status status="PASS" starttime="20210315 23:55:16.075" endtime="20210315 23:55:21.362"></status>
</kw>
<kw name="Verify Page Loaded" library="Landingpage">
<kw name="Wait Until Page Contains" library="SeleniumLibrary">
<doc>Waits until ``text`` appears on the current page.</doc>
<arguments>
<arg>Best Sellers</arg>
</arguments>
<status status="PASS" starttime="20210315 23:55:21.363" endtime="20210315 23:55:21.378"></status>
</kw>
<status status="PASS" starttime="20210315 23:55:21.363" endtime="20210315 23:55:21.378"></status>
</kw>
<kw name="Search for Products" library="topnav">
<kw name="Enter Search Term" library="topnav">
<kw name="Input Text" library="SeleniumLibrary">
<doc>Types the given ``text`` into the text field identified by ``locator``.</doc>
<arguments>
<arg>id=twotabsearchtextbox</arg>
<arg>Samsung A71</arg>
</arguments>
<msg timestamp="20210315 23:55:21.380" level="INFO">Typing text 'Samsung A71' into text field 'id=twotabsearchtextbox'.</msg>
<status status="PASS" starttime="20210315 23:55:21.379" endtime="20210315 23:55:21.545"></status>
</kw>
<status status="PASS" starttime="20210315 23:55:21.379" endtime="20210315 23:55:21.546"></status>
</kw>
<kw name="Submit Search" library="topnav">
<kw name="Click Button" library="SeleniumLibrary">
<doc>Clicks the button identified by ``locator``.</doc>
<arguments>
<arg>xpath=//*[@id="nav-search-submit-button"]</arg>
</arguments>
<msg timestamp="20210315 23:55:21.547" level="INFO">Clicking button 'xpath=//*[@id="nav-search-submit-button"]'.</msg>
<status status="PASS" starttime="20210315 23:55:21.547" endtime="20210315 23:55:21.583"></status>
</kw>
<status status="PASS" starttime="20210315 23:55:21.546" endtime="20210315 23:55:21.583"></status>
</kw>
<status status="PASS" starttime="20210315 23:55:21.379" endtime="20210315 23:55:21.584"></status>
</kw>
<kw name="Verify Search Completed" library="searchresults">
<kw name="Wait Until Page Contains" library="SeleniumLibrary">
<doc>Waits until ``text`` appears on the current page.</doc>
<arguments>
<arg>results for "samsung a71"</arg>
</arguments>
<kw name="Capture Page Screenshot" library="SeleniumLibrary">
<doc>Takes a screenshot of the current page and embeds it into a log file.</doc>
<msg timestamp="20210315 23:55:26.822" level="INFO" html="yes">&lt;/td&gt;&lt;/tr&gt;&lt;tr&gt;&lt;td colspan="3"&gt;&lt;a href="selenium-screenshot-38.png"&gt;&lt;img src="selenium-screenshot-38.png" width="800px"&gt;&lt;/a&gt;</msg>
<status status="PASS" starttime="20210315 23:55:26.762" endtime="20210315 23:55:26.822"></status>
</kw>
<msg timestamp="20210315 23:55:26.823" level="FAIL">Text 'results for "samsung a71"' did not appear in 5 seconds.</msg>
<status status="FAIL" starttime="20210315 23:55:21.584" endtime="20210315 23:55:26.823"></status>
</kw>
<status status="FAIL" starttime="20210315 23:55:21.584" endtime="20210315 23:55:26.824"></status>
</kw>
<status status="FAIL" starttime="20210315 23:55:16.071" endtime="20210315 23:55:26.824"></status>
</kw>
<kw name="End Web Test" library="common" type="teardown">
<kw name="Close Browser" library="SeleniumLibrary">
<doc>Closes the current browser.</doc>
<status status="PASS" starttime="20210315 23:55:26.826" endtime="20210315 23:55:26.881"></status>
</kw>
<status status="PASS" starttime="20210315 23:55:26.825" endtime="20210315 23:55:26.881"></status>
</kw>
<tags>
<tag>Smoke</tag>
</tags>
<status status="FAIL" starttime="20210315 23:55:14.438" endtime="20210315 23:55:26.882" critical="yes">Text 'results for "samsung a71"' did not appear in 5 seconds.</status>
</test>
<doc>This is some basic info about the whole suite</doc>
<status status="FAIL" starttime="20210315 23:54:17.853" endtime="20210315 23:55:26.885"></status>
</suite>
<statistics>
<total>
<stat pass="0" fail="4">Critical Tests</stat>
<stat pass="0" fail="4">All Tests</stat>
</total>
<tag>
<stat pass="0" fail="4">Smoke</stat>
</tag>
<suite>
<stat pass="0" fail="4" id="s1" name="Amazon">Amazon</stat>
</suite>
</statistics>
<errors>
</errors>
</robot>
